[ 11%] Built target gtest
[ 22%] Built target gtest_main
[ 27%] [32mBuilding CXX object CMakeFiles/velodyne_cloud_types.dir/src/lib/pointcloudXYZIRT.cpp.o[0m
[ 33%] [32mBuilding CXX object CMakeFiles/velodyne_cloud_types.dir/src/lib/organized_cloudXYZIRT.cpp.o[0m
[ 38%] [32mBuilding CXX object CMakeFiles/velodyne_rawdata.dir/src/lib/rawdata.cpp.o[0m
[ 44%] [32mBuilding CXX object tests/CMakeFiles/test_row_step.dir/test_row_step.cpp.o[0m
gmake[2]: *** [CMakeFiles/velodyne_cloud_types.dir/build.make:76: CMakeFiles/velodyne_cloud_types.dir/src/lib/pointcloudXYZIRT.cpp.o] Interrupt
gmake[2]: *** [CMakeFiles/velodyne_cloud_types.dir/build.make:90: CMakeFiles/velodyne_cloud_types.dir/src/lib/organized_cloudXYZIRT.cpp.o] Interrupt
gmake[2]: *** [CMakeFiles/velodyne_rawdata.dir/build.make:76: CMakeFiles/velodyne_rawdata.dir/src/lib/rawdata.cpp.o] Interrupt
gmake[1]: *** [CMakeFiles/Makefile2:206: CMakeFiles/velodyne_cloud_types.dir/all] Interrupt
gmake[2]: *** [tests/CMakeFiles/test_row_step.dir/build.make:76: tests/CMakeFiles/test_row_step.dir/test_row_step.cpp.o] Interrupt
gmake[1]: *** [CMakeFiles/Makefile2:180: CMakeFiles/velodyne_rawdata.dir/all] Interrupt
gmake[1]: *** [CMakeFiles/Makefile2:288: tests/CMakeFiles/test_row_step.dir/all] Interrupt
gmake: *** [Makefile:146: all] Interrupt
